01:58:38,450  WARN main basics:main:21 - This is warning
 01:58:38,453 ERROR main basics:main:22 - this is error
 01:58:38,453 FATAL main basics:main:23 - this is fatal
 02:02:55,808  WARN main basics:main:21 - This is warning
 02:02:55,811 ERROR main basics:main:22 - this is error
 02:02:55,812 FATAL main basics:main:23 - this is fatal
 02:03:50,842  WARN main basics:main:21 - This is warning
 02:03:50,847 ERROR main basics:main:22 - this is error
 02:03:50,847 FATAL main basics:main:23 - this is fatal
 02:04:27,359  WARN main basics:main:21 - This is warning
 02:04:27,362 ERROR main basics:main:22 - this is error
 02:04:27,362 FATAL main basics:main:23 - this is fatal
 02:07:16,890  WARN main basics:main:21 - This is warning
 02:07:16,893 ERROR main basics:main:22 - this is error
 02:07:16,894 FATAL main basics:main:23 - this is fatal
 02:08:51,044  INFO main basics:main:19 - This is info
 02:08:51,049  WARN main basics:main:21 - This is warning
 02:08:51,049 ERROR main basics:main:22 - this is error
 02:08:51,049 FATAL main basics:main:23 - this is fatal
 02:09:11,508  INFO main basics:main:19 - This is info
 02:09:11,511 DEBUG main basics:main:20 - This is debug
 02:09:11,511  WARN main basics:main:21 - This is warning
 02:09:11,511 ERROR main basics:main:22 - this is error
 02:09:11,511 FATAL main basics:main:23 - this is fatal
 02:15:01,420  INFO main basics:main:19 - This is info
 02:15:01,423 DEBUG main basics:main:20 - This is debug
 02:15:01,424  WARN main basics:main:21 - This is warning
 02:15:01,424 ERROR main basics:main:22 - this is error
 02:15:01,424 FATAL main basics:main:23 - this is fatal
 02:26:51,142  INFO main basics:main:19 - This is info
 02:26:51,146 DEBUG main basics:main:20 - This is debug
 02:26:51,146  WARN main basics:main:21 - This is warning
 02:26:51,146 ERROR main basics:main:22 - this is error
 02:26:51,146 FATAL main basics:main:23 - this is fatal
 02:28:30,874  INFO main basics:main:19 - This is info
 02:28:30,877 DEBUG main basics:main:20 - This is debug
 02:28:30,877  WARN main basics:main:21 - This is warning
 02:28:30,877 ERROR main basics:main:22 - this is error
 02:28:30,878 FATAL main basics:main:23 - this is fatal
 